Building DAG of jobs...
Using shell: /usr/bin/bash
Provided cores: 3
Rules claiming more threads will be scaled down.
Job counts:
	count	jobs
	1	bwa_map
	1

[Mon Apr 27 21:17:38 2020]
Job 0: @RG\tID:ERR1013162\tPU:ERR1013162\tSM:ERR1013162\tPL:ERR1013162\tLB:ERR1013162

bwa mem -M -t 3 -R '@RG\tID:ERR1013162\tPU:ERR1013162\tSM:ERR1013162\tPL:ERR1013162\tLB:ERR1013162' ../data/genome/Tgut_subseg_renamed.fa ../data/fastq/ERR1013162_1.fastq.gz ../data/fastq/ERR1013162_2.fastq.gz | /n/home11/bjarnold/samtools-1.9/samtools view -Sb - > 01_mappedReads/ERR1013162.bam
[M::bwa_idx_load_from_disk] read 0 ALT contigs
[M::process] read 164218 sequences (16410836 bp)...
[M::mem_pestat] # candidate unique pairs for (FF, FR, RF, RR): (39, 75529, 15, 30)
[M::mem_pestat] analyzing insert size distribution for orientation FF...
[M::mem_pestat] (25, 50, 75) percentile: (106, 142, 691)
[M::mem_pestat] low and high boundaries for computing mean and std.dev: (1, 1861)
[M::mem_pestat] mean and std.dev: (288.74, 267.13)
[M::mem_pestat] low and high boundaries for proper pairs: (1, 2446)
[M::mem_pestat] analyzing insert size distribution for orientation FR...
[M::mem_pestat] (25, 50, 75) percentile: (168, 200, 233)
[M::mem_pestat] low and high boundaries for computing mean and std.dev: (38, 363)
[M::mem_pestat] mean and std.dev: (201.86, 46.62)
[M::mem_pestat] low and high boundaries for proper pairs: (1, 428)
[M::mem_pestat] analyzing insert size distribution for orientation RF...
[M::mem_pestat] (25, 50, 75) percentile: (192, 2507, 3556)
[M::mem_pestat] low and high boundaries for computing mean and std.dev: (1, 10284)
[M::mem_pestat] mean and std.dev: (1761.07, 1470.83)
[M::mem_pestat] low and high boundaries for proper pairs: (1, 13648)
[M::mem_pestat] analyzing insert size distribution for orientation RR...
[M::mem_pestat] (25, 50, 75) percentile: (98, 155, 630)
[M::mem_pestat] low and high boundaries for computing mean and std.dev: (1, 1694)
[M::mem_pestat] mean and std.dev: (303.69, 332.45)
[M::mem_pestat] low and high boundaries for proper pairs: (1, 2226)
[M::mem_pestat] skip orientation FF
[M::mem_pestat] skip orientation RF
[M::mem_pestat] skip orientation RR
[M::mem_process_seqs] Processed 164218 reads in 12.900 CPU sec, 4.406 real sec
[main] Version: 0.7.17-r1188
[main] CMD: bwa mem -M -t 3 -R @RG\tID:ERR1013162\tPU:ERR1013162\tSM:ERR1013162\tPL:ERR1013162\tLB:ERR1013162 ../data/genome/Tgut_subseg_renamed.fa ../data/fastq/ERR1013162_1.fastq.gz ../data/fastq/ERR1013162_2.fastq.gz
[main] Real time: 8.882 sec; CPU: 13.455 sec
[Mon Apr 27 21:17:47 2020]
Finished job 0.
1 of 1 steps (100%) done
_1.fastq.gz
_2.fastq.gz
../data/fastq/
01_mappedReads/
['../data/fastq/ERR1013162_1.fastq.gz', '../data/fastq/ERR1013161_1.fastq.gz', '../data/fastq/ERR1013163_1.fastq.gz']
SAMPLES:
ERR1013162
ERR1013161
ERR1013163
