Building DAG of jobs...
Using shell: /usr/bin/bash
Provided cores: 3
Rules claiming more threads will be scaled down.
Job counts:
	count	jobs
	1	bwa_map
	1

[Mon Apr 27 21:17:40 2020]
Job 0: @RG\tID:ERR1013163\tPU:ERR1013163\tSM:ERR1013163\tPL:ERR1013163\tLB:ERR1013163

bwa mem -M -t 3 -R '@RG\tID:ERR1013163\tPU:ERR1013163\tSM:ERR1013163\tPL:ERR1013163\tLB:ERR1013163' ../data/genome/Tgut_subseg_renamed.fa ../data/fastq/ERR1013163_1.fastq.gz ../data/fastq/ERR1013163_2.fastq.gz | /n/home11/bjarnold/samtools-1.9/samtools view -Sb - > 01_mappedReads/ERR1013163.bam
[M::bwa_idx_load_from_disk] read 0 ALT contigs
[M::process] read 143450 sequences (14336591 bp)...
[M::mem_pestat] # candidate unique pairs for (FF, FR, RF, RR): (37, 66049, 15, 32)
[M::mem_pestat] analyzing insert size distribution for orientation FF...
[M::mem_pestat] (25, 50, 75) percentile: (66, 220, 711)
[M::mem_pestat] low and high boundaries for computing mean and std.dev: (1, 2001)
[M::mem_pestat] mean and std.dev: (356.76, 308.95)
[M::mem_pestat] low and high boundaries for proper pairs: (1, 2646)
[M::mem_pestat] analyzing insert size distribution for orientation FR...
[M::mem_pestat] (25, 50, 75) percentile: (173, 205, 240)
[M::mem_pestat] low and high boundaries for computing mean and std.dev: (39, 374)
[M::mem_pestat] mean and std.dev: (207.68, 48.49)
[M::mem_pestat] low and high boundaries for proper pairs: (1, 441)
[M::mem_pestat] analyzing insert size distribution for orientation RF...
[M::mem_pestat] (25, 50, 75) percentile: (184, 2469, 3645)
[M::mem_pestat] low and high boundaries for computing mean and std.dev: (1, 10567)
[M::mem_pestat] mean and std.dev: (1979.27, 1655.92)
[M::mem_pestat] low and high boundaries for proper pairs: (1, 14028)
[M::mem_pestat] analyzing insert size distribution for orientation RR...
[M::mem_pestat] (25, 50, 75) percentile: (76, 98, 697)
[M::mem_pestat] low and high boundaries for computing mean and std.dev: (1, 1939)
[M::mem_pestat] mean and std.dev: (274.16, 294.90)
[M::mem_pestat] low and high boundaries for proper pairs: (1, 2560)
[M::mem_pestat] skip orientation FF
[M::mem_pestat] skip orientation RF
[M::mem_pestat] skip orientation RR
[M::mem_process_seqs] Processed 143450 reads in 19.979 CPU sec, 7.628 real sec
[main] Version: 0.7.17-r1188
[main] CMD: bwa mem -M -t 3 -R @RG\tID:ERR1013163\tPU:ERR1013163\tSM:ERR1013163\tPL:ERR1013163\tLB:ERR1013163 ../data/genome/Tgut_subseg_renamed.fa ../data/fastq/ERR1013163_1.fastq.gz ../data/fastq/ERR1013163_2.fastq.gz
[main] Real time: 16.840 sec; CPU: 21.403 sec
[Mon Apr 27 21:17:57 2020]
Finished job 0.
1 of 1 steps (100%) done
_1.fastq.gz
_2.fastq.gz
../data/fastq/
01_mappedReads/
['../data/fastq/ERR1013162_1.fastq.gz', '../data/fastq/ERR1013161_1.fastq.gz', '../data/fastq/ERR1013163_1.fastq.gz']
SAMPLES:
ERR1013162
ERR1013161
ERR1013163
