Building DAG of jobs...
Using shell: /usr/bin/bash
Provided cores: 3
Rules claiming more threads will be scaled down.
Job counts:
	count	jobs
	1	bwa_map
	1

[Mon Apr 27 21:17:40 2020]
Job 0: @RG\tID:ERR1013161\tPU:ERR1013161\tSM:ERR1013161\tPL:ERR1013161\tLB:ERR1013161

bwa mem -M -t 3 -R '@RG\tID:ERR1013161\tPU:ERR1013161\tSM:ERR1013161\tPL:ERR1013161\tLB:ERR1013161' ../data/genome/Tgut_subseg_renamed.fa ../data/fastq/ERR1013161_1.fastq.gz ../data/fastq/ERR1013161_2.fastq.gz | /n/home11/bjarnold/samtools-1.9/samtools view -Sb - > 01_mappedReads/ERR1013161.bam
[M::bwa_idx_load_from_disk] read 0 ALT contigs
[M::process] read 150454 sequences (15036515 bp)...
[M::mem_pestat] # candidate unique pairs for (FF, FR, RF, RR): (35, 69181, 7, 26)
[M::mem_pestat] analyzing insert size distribution for orientation FF...
[M::mem_pestat] (25, 50, 75) percentile: (57, 105, 326)
[M::mem_pestat] low and high boundaries for computing mean and std.dev: (1, 864)
[M::mem_pestat] mean and std.dev: (219.63, 235.70)
[M::mem_pestat] low and high boundaries for proper pairs: (1, 1162)
[M::mem_pestat] analyzing insert size distribution for orientation FR...
[M::mem_pestat] (25, 50, 75) percentile: (177, 209, 245)
[M::mem_pestat] low and high boundaries for computing mean and std.dev: (41, 381)
[M::mem_pestat] mean and std.dev: (212.36, 50.32)
[M::mem_pestat] low and high boundaries for proper pairs: (1, 449)
[M::mem_pestat] skip orientation RF as there are not enough pairs
[M::mem_pestat] analyzing insert size distribution for orientation RR...
[M::mem_pestat] (25, 50, 75) percentile: (88, 112, 449)
[M::mem_pestat] low and high boundaries for computing mean and std.dev: (1, 1171)
[M::mem_pestat] mean and std.dev: (257.31, 222.74)
[M::mem_pestat] low and high boundaries for proper pairs: (1, 1532)
[M::mem_pestat] skip orientation FF
[M::mem_pestat] skip orientation RR
[M::mem_process_seqs] Processed 150454 reads in 19.530 CPU sec, 8.733 real sec
[main] Version: 0.7.17-r1188
[main] CMD: bwa mem -M -t 3 -R @RG\tID:ERR1013161\tPU:ERR1013161\tSM:ERR1013161\tPL:ERR1013161\tLB:ERR1013161 ../data/genome/Tgut_subseg_renamed.fa ../data/fastq/ERR1013161_1.fastq.gz ../data/fastq/ERR1013161_2.fastq.gz
[main] Real time: 14.428 sec; CPU: 20.375 sec
[Mon Apr 27 21:17:54 2020]
Finished job 0.
1 of 1 steps (100%) done
_1.fastq.gz
_2.fastq.gz
../data/fastq/
01_mappedReads/
['../data/fastq/ERR1013162_1.fastq.gz', '../data/fastq/ERR1013161_1.fastq.gz', '../data/fastq/ERR1013163_1.fastq.gz']
SAMPLES:
ERR1013162
ERR1013161
ERR1013163
